<?xml version="1.0" encoding="UTF-8"?>
<testsuite xmlns:xsi="http://www.w3.org/2001/XMLSchema-instance" xsi:noNamespaceSchemaLocation="https://maven.apache.org/surefire/maven-surefire-plugin/xsd/surefire-test-report.xsd" name="com.azavala1930120.AppTest" time="0.127" tests="1" errors="0" skipped="0" failures="0">
  <properties>
    <property name="java.specification.version" value="13"/>
    <property name="sun.management.compiler" value="HotSpot 64-Bit Tiered Compilers"/>
    <property name="sun.jnu.encoding" value="UTF-8"/>
    <property name="java.runtime.version" value="13.0.7+5-Ubuntu-0ubuntu120.04"/>
    <property name="java.class.path" value="/mnt/d/Programacion/Java/hermes/target/test-classes:/mnt/d/Programacion/Java/hermes/target/classes:/home/agustin/.m2/repository/junit/junit/4.11/junit-4.11.jar:/home/agustin/.m2/repository/org/hamcrest/hamcrest-core/1.3/hamcrest-core-1.3.jar:/home/agustin/.m2/repository/org/openjfx/javafx-controls/11/javafx-controls-11.jar:/home/agustin/.m2/repository/org/openjfx/javafx-controls/11/javafx-controls-11-linux.jar:/home/agustin/.m2/repository/org/openjfx/javafx-graphics/11/javafx-graphics-11.jar:/home/agustin/.m2/repository/org/openjfx/javafx-graphics/11/javafx-graphics-11-linux.jar:/home/agustin/.m2/repository/org/openjfx/javafx-base/11/javafx-base-11.jar:/home/agustin/.m2/repository/org/openjfx/javafx-base/11/javafx-base-11-linux.jar:/home/agustin/.m2/repository/org/openjfx/javafx-fxml/11/javafx-fxml-11.jar:/home/agustin/.m2/repository/org/openjfx/javafx-fxml/11/javafx-fxml-11-linux.jar:/home/agustin/.m2/repository/javax/mail/mail/1.5.0-b01/mail-1.5.0-b01.jar:/home/agustin/.m2/repository/javax/activation/activation/1.1/activation-1.1.jar:/home/agustin/.m2/repository/org/apache/poi/poi-ooxml/4.1.2/poi-ooxml-4.1.2.jar:/home/agustin/.m2/repository/org/apache/poi/poi/4.1.2/poi-4.1.2.jar:/home/agustin/.m2/repository/commons-codec/commons-codec/1.13/commons-codec-1.13.jar:/home/agustin/.m2/repository/org/apache/commons/commons-collections4/4.4/commons-collections4-4.4.jar:/home/agustin/.m2/repository/org/apache/commons/commons-math3/3.6.1/commons-math3-3.6.1.jar:/home/agustin/.m2/repository/com/zaxxer/SparseBitSet/1.2/SparseBitSet-1.2.jar:/home/agustin/.m2/repository/org/apache/poi/poi-ooxml-schemas/4.1.2/poi-ooxml-schemas-4.1.2.jar:/home/agustin/.m2/repository/org/apache/xmlbeans/xmlbeans/3.1.0/xmlbeans-3.1.0.jar:/home/agustin/.m2/repository/org/apache/commons/commons-compress/1.19/commons-compress-1.19.jar:/home/agustin/.m2/repository/com/github/virtuald/curvesapi/1.06/curvesapi-1.06.jar:"/>
    <property name="user.name" value="agustin"/>
    <property name="java.vm.vendor" value="Private Build"/>
    <property name="path.separator" value=":"/>
    <property name="sun.arch.data.model" value="64"/>
    <property name="os.version" value="5.4.72-microsoft-standard-WSL2"/>
    <property name="java.runtime.name" value="OpenJDK Runtime Environment"/>
    <property name="file.encoding" value="UTF-8"/>
    <property name="java.vendor.url" value="Unknown"/>
    <property name="java.vm.name" value="OpenJDK 64-Bit Server VM"/>
    <property name="java.vm.specification.version" value="13"/>
    <property name="os.name" value="Linux"/>
    <property name="sun.java.launcher" value="SUN_STANDARD"/>
    <property name="localRepository" value="/home/agustin/.m2/repository"/>
    <property name="sun.boot.library.path" value="/usr/lib/jvm/java-13-openjdk-amd64/lib"/>
    <property name="sun.java.command" value="/mnt/d/Programacion/Java/hermes/target/surefire/surefirebooter213172914369321848.jar /mnt/d/Programacion/Java/hermes/target/surefire 2021-07-06T15-20-33_179-jvmRun1 surefire2387949995019155291tmp surefire_016466369097915791745tmp"/>
    <property name="java.vendor.url.bug" value="Unknown"/>
    <property name="java.io.tmpdir" value="/tmp"/>
    <property name="jdk.debug" value="release"/>
    <property name="surefire.test.class.path" value="/mnt/d/Programacion/Java/hermes/target/test-classes:/mnt/d/Programacion/Java/hermes/target/classes:/home/agustin/.m2/repository/junit/junit/4.11/junit-4.11.jar:/home/agustin/.m2/repository/org/hamcrest/hamcrest-core/1.3/hamcrest-core-1.3.jar:/home/agustin/.m2/repository/org/openjfx/javafx-controls/11/javafx-controls-11.jar:/home/agustin/.m2/repository/org/openjfx/javafx-controls/11/javafx-controls-11-linux.jar:/home/agustin/.m2/repository/org/openjfx/javafx-graphics/11/javafx-graphics-11.jar:/home/agustin/.m2/repository/org/openjfx/javafx-graphics/11/javafx-graphics-11-linux.jar:/home/agustin/.m2/repository/org/openjfx/javafx-base/11/javafx-base-11.jar:/home/agustin/.m2/repository/org/openjfx/javafx-base/11/javafx-base-11-linux.jar:/home/agustin/.m2/repository/org/openjfx/javafx-fxml/11/javafx-fxml-11.jar:/home/agustin/.m2/repository/org/openjfx/javafx-fxml/11/javafx-fxml-11-linux.jar:/home/agustin/.m2/repository/javax/mail/mail/1.5.0-b01/mail-1.5.0-b01.jar:/home/agustin/.m2/repository/javax/activation/activation/1.1/activation-1.1.jar:/home/agustin/.m2/repository/org/apache/poi/poi-ooxml/4.1.2/poi-ooxml-4.1.2.jar:/home/agustin/.m2/repository/org/apache/poi/poi/4.1.2/poi-4.1.2.jar:/home/agustin/.m2/repository/commons-codec/commons-codec/1.13/commons-codec-1.13.jar:/home/agustin/.m2/repository/org/apache/commons/commons-collections4/4.4/commons-collections4-4.4.jar:/home/agustin/.m2/repository/org/apache/commons/commons-math3/3.6.1/commons-math3-3.6.1.jar:/home/agustin/.m2/repository/com/zaxxer/SparseBitSet/1.2/SparseBitSet-1.2.jar:/home/agustin/.m2/repository/org/apache/poi/poi-ooxml-schemas/4.1.2/poi-ooxml-schemas-4.1.2.jar:/home/agustin/.m2/repository/org/apache/xmlbeans/xmlbeans/3.1.0/xmlbeans-3.1.0.jar:/home/agustin/.m2/repository/org/apache/commons/commons-compress/1.19/commons-compress-1.19.jar:/home/agustin/.m2/repository/com/github/virtuald/curvesapi/1.06/curvesapi-1.06.jar:"/>
    <property name="sun.cpu.endian" value="little"/>
    <property name="java.version" value="13.0.7"/>
    <property name="user.home" value="/home/agustin"/>
    <property name="user.dir" value="/mnt/d/Programacion/Java/hermes"/>
    <property name="os.arch" value="amd64"/>
    <property name="user.language" value="en"/>
    <property name="java.specification.vendor" value="Oracle Corporation"/>
    <property name="java.vm.specification.name" value="Java Virtual Machine Specification"/>
    <property name="java.version.date" value="2021-04-20"/>
    <property name="java.home" value="/usr/lib/jvm/java-13-openjdk-amd64"/>
    <property name="file.separator" value="/"/>
    <property name="basedir" value="/mnt/d/Programacion/Java/hermes"/>
    <property name="java.vm.compressedOopsMode" value="Zero based"/>
    <property name="line.separator" value="&#10;"/>
    <property name="java.library.path" value="/usr/java/packages/lib:/usr/lib/x86_64-linux-gnu/jni:/lib/x86_64-linux-gnu:/usr/lib/x86_64-linux-gnu:/usr/lib/jni:/lib:/usr/lib"/>
    <property name="java.vm.info" value="mixed mode, sharing"/>
    <property name="java.vm.specification.vendor" value="Oracle Corporation"/>
    <property name="java.specification.name" value="Java Platform API Specification"/>
    <property name="java.vendor" value="Private Build"/>
    <property name="java.vm.version" value="13.0.7+5-Ubuntu-0ubuntu120.04"/>
    <property name="sun.io.unicode.encoding" value="UnicodeLittle"/>
    <property name="java.class.version" value="57.0"/>
    <property name="surefire.real.class.path" value="/mnt/d/Programacion/Java/hermes/target/surefire/surefirebooter213172914369321848.jar"/>
  </properties>
  <testcase name="shouldAnswerWithTrue" classname="com.azavala1930120.AppTest" time="0.005"/>
</testsuite>